<?xml version="1.0" encoding="UTF-8"?>
<!-- Generated by org.testng.reporters.JUnitReportReporter -->
<testsuite skipped="0" hostname="LAPTOP-THVMM27O" name="com.crm.qa.test.LoginPageTest" tests="4" failures="0" timestamp="2020-09-16T14:34:16 IST" time="10.906" errors="0">
  <testcase name="loginPageTitleTest" time="0.012" classname="com.crm.qa.test.LoginPageTest"/>
  <system-out/>
  <testcase name="validateLinks" time="3.135" classname="com.crm.qa.test.LoginPageTest"/>
  <system-out/>
  <testcase name="loginTestFailed" time="4.513" classname="com.crm.qa.test.LoginPageTest"/>
  <system-out/>
  <testcase name="loginTest" time="3.246" classname="com.crm.qa.test.LoginPageTest"/>
  <system-out/>
</testsuite> <!-- com.crm.qa.test.LoginPageTest -->
