<?xml version="1.0" encoding="UTF-8"?>
<!-- Generated by org.testng.reporters.JUnitReportReporter -->
<testsuite skipped="0" hostname="LAPTOP-THVMM27O" name="com.crm.qa.test.PositiveFlowTest" tests="1" failures="0" timestamp="2020-04-14T11:15:29 IST" time="2.185" errors="0">
  <testcase name="testFlow" time="2.185" classname="com.crm.qa.test.PositiveFlowTest"/>
  <system-out/>
</testsuite> <!-- com.crm.qa.test.PositiveFlowTest -->
