<?xml version="1.0" encoding="UTF-8"?>
<!-- Generated by org.testng.reporters.JUnitReportReporter -->
<testsuite skipped="0" hostname="LAPTOP-THVMM27O" name="com.crm.logs.test.DemoLogs" tests="1" failures="0" timestamp="2020-04-05T07:42:25 IST" time="0.010" errors="0">
  <testcase name="test" time="0.010" classname="com.crm.logs.test.DemoLogs"/>
  <system-out/>
</testsuite> <!-- com.crm.logs.test.DemoLogs -->
