<?xml version="1.0" encoding="UTF-8"?>
<!-- Generated by org.testng.reporters.JUnitReportReporter -->
<testsuite skipped="0" hostname="LAPTOP-THVMM27O" name="com.crm.qa.test.HomePageTest" tests="2" failures="0" timestamp="2020-08-10T12:08:59 IST" time="1.424" errors="0">
  <testcase name="verifyHomePageTitle" time="0.352" classname="com.crm.qa.test.HomePageTest"/>
  <system-out/>
  <testcase name="verifyUserNameLabelTest" time="1.072" classname="com.crm.qa.test.HomePageTest"/>
  <system-out/>
</testsuite> <!-- com.crm.qa.test.HomePageTest -->
