<?xml version="1.0" encoding="UTF-8"?>
<!-- Generated by org.testng.reporters.JUnitReportReporter -->
<testsuite skipped="0" hostname="LAPTOP-THVMM27O" name="com.crm.qa.test.CreateDealTest" tests="1" failures="0" timestamp="2020-04-14T18:25:23 IST" time="2.148" errors="0">
  <testcase name="createNewDeal" time="2.148" classname="com.crm.qa.test.CreateDealTest"/>
  <system-out/>
</testsuite> <!-- com.crm.qa.test.CreateDealTest -->
