<?xml version="1.0" encoding="UTF-8"?>
<!-- Generated by org.testng.reporters.JUnitReportReporter -->
<testsuite skipped="1" hostname="LAPTOP-THVMM27O" name="com.crm.qa.test.LoginPageTest2" tests="5" failures="0" timestamp="2020-04-14T06:56:37 IST" time="2.833" errors="0">
  <testcase name="loginPageTitleTest" time="0.010" classname="com.crm.qa.test.LoginPageTest2"/>
  <system-out/>
  <testcase name="validateLinks" time="0.251" classname="com.crm.qa.test.LoginPageTest2"/>
  <system-out/>
  <testcase name="loginTestFailed" time="2.308" classname="com.crm.qa.test.LoginPageTest2"/>
  <system-out/>
  <testcase name="loginTest" time="0.264" classname="com.crm.qa.test.LoginPageTest2"/>
  <system-out/>
  <testcase name="skipTest" classname="com.crm.qa.test.LoginPageTest2">
    <skipped/>
  </testcase> <!-- skipTest -->
  <system-out/>
</testsuite> <!-- com.crm.qa.test.LoginPageTest2 -->
