<?xml version="1.0" encoding="UTF-8"?>
<!-- Generated by org.testng.reporters.JUnitReportReporter -->
<testsuite skipped="0" hostname="LAPTOP-THVMM27O" name="com.crm.qa.test.ClassicLoginPageTest" tests="1" failures="0" timestamp="2020-08-10T11:52:58 IST" time="9.764" errors="0">
  <testcase name="loginPageTitleTest" time="9.764" classname="com.crm.qa.test.ClassicLoginPageTest"/>
  <system-out/>
</testsuite> <!-- com.crm.qa.test.ClassicLoginPageTest -->
