<?xml version="1.0" encoding="UTF-8"?>
<!-- Generated by org.testng.reporters.JUnitReportReporter -->
<testsuite skipped="0" hostname="LAPTOP-THVMM27O" name="com.crm.qa.test.ContactsPageTest" tests="1" failures="0" timestamp="2020-08-10T12:10:03 IST" time="10.829" errors="0">
  <testcase name="verifyCreateNewContact" time="10.829" classname="com.crm.qa.test.ContactsPageTest"/>
  <system-out/>
</testsuite> <!-- com.crm.qa.test.ContactsPageTest -->
